<?xml version="1.0" encoding="utf-8"?>
<test-run id="2" testcasecount="12" result="Passed" total="12" passed="12" failed="0" inconclusive="0" skipped="0" asserts="0" engine-version="3.5.0.0" clr-version="4.0.30319.42000" start-time="2026-09-06 17:47:31Z" end-time="2026-09-06 17:47:35Z" duration="4.4339472">
  <test-suite type="TestSuite" id="1000" name="SRP-Weather-Visual" fullname="SRP-Weather-Visual" runstate="Runnable" testcasecount="15" result="Passed" start-time="2026-09-06 17:47:31Z" end-time="2026-09-06 17:47:35Z" duration="4.433947" total="12" passed="12" failed="0" inconclusive="0" skipped="0" asserts="0">
    <properties>
      <property name="platform" value="EditMode" />
    </properties>
    <test-suite type="Assembly" id="1023" name="SRP.U01.EditModeTests.dll" fullname="D:/Agent/03-SRP/02-技术研发/04-Unity视觉/SRP-Weather-Visual/Library/ScriptAssemblies/SRP.U01.EditModeTests.dll" runstate="Runnable" testcasecount="12" result="Passed" start-time="2026-09-06 17:47:31Z" end-time="2026-09-06 17:47:35Z" duration="4.429512" total="12" passed="12" failed="0" inconclusive="0" skipped="0" asserts="0">
      <properties>
        <property name="_PID" value="28728" />
        <property name="_APPDOMAIN" value="Unity Child Domain" />
        <property name="platform" value="EditMode" />
        <property name="EditorOnly" value="True" />
      </properties>
      <test-suite type="TestSuite" id="1024" name="SRP" fullname="SRP" runstate="Runnable" testcasecount="12" result="Passed" start-time="2026-09-06 17:47:31Z" end-time="2026-09-06 17:47:35Z" duration="4.429207" total="12" passed="12" failed="0" inconclusive="0" skipped="0" asserts="0">
        <properties />
        <test-suite type="TestSuite" id="1025" name="U01" fullname="SRP.U01" runstate="Runnable" testcasecount="12" result="Passed" start-time="2026-09-06 17:47:31Z" end-time="2026-09-06 17:47:35Z" duration="4.429017" total="12" passed="12" failed="0" inconclusive="0" skipped="0" asserts="0">
          <properties />
          <test-suite type="TestSuite" id="1026" name="Tests" fullname="SRP.U01.Tests" runstate="Runnable" testcasecount="12" result="Passed" start-time="2026-09-06 17:47:31Z" end-time="2026-09-06 17:47:35Z" duration="4.428839" total="12" passed="12" failed="0" inconclusive="0" skipped="0" asserts="0">
            <properties />
            <test-suite type="TestFixture" id="1010" name="U01EditModeTests" fullname="SRP.U01.Tests.U01EditModeTests" classname="SRP.U01.Tests.U01EditModeTests" runstate="Runnable" testcasecount="12" result="Passed" start-time="2026-09-06 17:47:31Z" end-time="2026-09-06 17:47:35Z" duration="4.428101" total="12" passed="12" failed="0" inconclusive="0" skipped="0" asserts="0">
              <properties />
              <test-case id="1019" name="AckSerializationKeepsPythonContractNullSemantics" fullname="SRP.U01.Tests.U01EditModeTests.AckSerializationKeepsPythonContractNullSemantics" methodname="AckSerializationKeepsPythonContractNullSemantics" classname="SRP.U01.Tests.U01EditModeTests" runstate="Runnable" seed="139906863" result="Passed" start-time="2026-09-06 17:47:31Z" end-time="2026-09-06 17:47:31Z" duration="0.013751" asserts="0">
                <properties>
                  <property name="retryIteration" value="0" />
                  <property name="repeatIteration" value="0" />
                </properties>
              </test-case>
              <test-case id="1022" name="ConfirmedReceiptSurvivesDuplicateControlWithoutMirrorDrift" fullname="SRP.U01.Tests.U01EditModeTests.ConfirmedReceiptSurvivesDuplicateControlWithoutMirrorDrift" methodname="ConfirmedReceiptSurvivesDuplicateControlWithoutMirrorDrift" classname="SRP.U01.Tests.U01EditModeTests" runstate="Runnable" seed="812640906" result="Passed" start-time="2026-09-06 17:47:31Z" end-time="2026-09-06 17:47:31Z" duration="0.002981" asserts="0">
                <properties>
                  <property name="retryIteration" value="0" />
                  <property name="repeatIteration" value="0" />
                </properties>
              </test-case>
              <test-case id="1017" name="DeliveryFactoryPreservesIdentityAndRejectsInvalidFailureReceipt" fullname="SRP.U01.Tests.U01EditModeTests.DeliveryFactoryPreservesIdentityAndRejectsInvalidFailureReceipt" methodname="DeliveryFactoryPreservesIdentityAndRejectsInvalidFailureReceipt" classname="SRP.U01.Tests.U01EditModeTests" runstate="Runnable" seed="673805685" result="Passed" start-time="2026-09-06 17:47:31Z" end-time="2026-09-06 17:47:31Z" duration="0.001721" asserts="0">
                <properties>
                  <property name="retryIteration" value="0" />
                  <property name="repeatIteration" value="0" />
                </properties>
              </test-case>
              <test-case id="1016" name="DisposeDoesNotWaitForABlockedSendLock" fullname="SRP.U01.Tests.U01EditModeTests.DisposeDoesNotWaitForABlockedSendLock" methodname="DisposeDoesNotWaitForABlockedSendLock" classname="SRP.U01.Tests.U01EditModeTests" runstate="Runnable" seed="150442309" result="Passed" start-time="2026-09-06 17:47:31Z" end-time="2026-09-06 17:47:33Z" duration="2.417679" asserts="0">
                <properties>
                  <property name="retryIteration" value="0" />
                  <property name="repeatIteration" value="0" />
                </properties>
              </test-case>
              <test-case id="1012" name="ExactRetryIsIdempotentButAlteredDuplicateAndOldSequenceAreRejected" fullname="SRP.U01.Tests.U01EditModeTests.ExactRetryIsIdempotentButAlteredDuplicateAndOldSequenceAreRejected" methodname="ExactRetryIsIdempotentButAlteredDuplicateAndOldSequenceAreRejected" classname="SRP.U01.Tests.U01EditModeTests" runstate="Runnable" seed="1006770289" result="Passed" start-time="2026-09-06 17:47:33Z" end-time="2026-09-06 17:47:33Z" duration="0.000727" asserts="0">
                <properties>
                  <property name="retryIteration" value="0" />
                  <property name="repeatIteration" value="0" />
                </properties>
              </test-case>
              <test-case id="1014" name="FormalV21AndWrongHandshakeFailClosed" fullname="SRP.U01.Tests.U01EditModeTests.FormalV21AndWrongHandshakeFailClosed" methodname="FormalV21AndWrongHandshakeFailClosed" classname="SRP.U01.Tests.U01EditModeTests" runstate="Runnable" seed="336212867" result="Passed" start-time="2026-09-06 17:47:33Z" end-time="2026-09-06 17:47:33Z" duration="0.000388" asserts="0">
                <properties>
                  <property name="retryIteration" value="0" />
                  <property name="repeatIteration" value="0" />
                </properties>
              </test-case>
              <test-case id="1011" name="GoldenControlTraceIsMirroredWithoutLocalSequencing" fullname="SRP.U01.Tests.U01EditModeTests.GoldenControlTraceIsMirroredWithoutLocalSequencing" methodname="GoldenControlTraceIsMirroredWithoutLocalSequencing" classname="SRP.U01.Tests.U01EditModeTests" runstate="Runnable" seed="1790336130" result="Passed" start-time="2026-09-06 17:47:33Z" end-time="2026-09-06 17:47:33Z" duration="0.002875" asserts="0">
                <properties>
                  <property name="retryIteration" value="0" />
                  <property name="repeatIteration" value="0" />
                </properties>
              </test-case>
              <test-case id="1020" name="NullableCycleIdentityIsPreservedAndNegativeCycleIsRejected" fullname="SRP.U01.Tests.U01EditModeTests.NullableCycleIdentityIsPreservedAndNegativeCycleIsRejected" methodname="NullableCycleIdentityIsPreservedAndNegativeCycleIsRejected" classname="SRP.U01.Tests.U01EditModeTests" runstate="Runnable" seed="198561337" result="Passed" start-time="2026-09-06 17:47:33Z" end-time="2026-09-06 17:47:33Z" duration="0.004386" asserts="0">
                <properties>
                  <property name="retryIteration" value="0" />
                  <property name="repeatIteration" value="0" />
                </properties>
              </test-case>
              <test-case id="1015" name="ReliableClientReconnectsAndKeepsTheSameIdentity" fullname="SRP.U01.Tests.U01EditModeTests.ReliableClientReconnectsAndKeepsTheSameIdentity" methodname="ReliableClientReconnectsAndKeepsTheSameIdentity" classname="SRP.U01.Tests.U01EditModeTests" runstate="Runnable" seed="592108382" result="Passed" start-time="2026-09-06 17:47:33Z" end-time="2026-09-06 17:47:35Z" duration="1.929092" asserts="0">
                <properties>
                  <property name="retryIteration" value="0" />
                  <property name="repeatIteration" value="0" />
                </properties>
              </test-case>
              <test-case id="1013" name="StaleAndMismatchedTelemetryCannotOverwriteLatestMirrorFrame" fullname="SRP.U01.Tests.U01EditModeTests.StaleAndMismatchedTelemetryCannotOverwriteLatestMirrorFrame" methodname="StaleAndMismatchedTelemetryCannotOverwriteLatestMirrorFrame" classname="SRP.U01.Tests.U01EditModeTests" runstate="Runnable" seed="518390939" result="Passed" start-time="2026-09-06 17:47:35Z" end-time="2026-09-06 17:47:35Z" duration="0.002985" asserts="0">
                <properties>
                  <property name="retryIteration" value="0" />
                  <property name="repeatIteration" value="0" />
                </properties>
              </test-case>
              <test-case id="1021" name="V21TelemetryAndSharedStateRulesMatchTheAuthoritativeContract" fullname="SRP.U01.Tests.U01EditModeTests.V21TelemetryAndSharedStateRulesMatchTheAuthoritativeContract" methodname="V21TelemetryAndSharedStateRulesMatchTheAuthoritativeContract" classname="SRP.U01.Tests.U01EditModeTests" runstate="Runnable" seed="24085154" result="Passed" start-time="2026-09-06 17:47:35Z" end-time="2026-09-06 17:47:35Z" duration="0.006502" asserts="0">
                <properties>
                  <property name="retryIteration" value="0" />
                  <property name="repeatIteration" value="0" />
                </properties>
              </test-case>
              <test-case id="1018" name="V22TelemetryFixturesMatchTheAuthoritativeContract" fullname="SRP.U01.Tests.U01EditModeTests.V22TelemetryFixturesMatchTheAuthoritativeContract" methodname="V22TelemetryFixturesMatchTheAuthoritativeContract" classname="SRP.U01.Tests.U01EditModeTests" runstate="Runnable" seed="590140037" result="Passed" start-time="2026-09-06 17:47:35Z" end-time="2026-09-06 17:47:35Z" duration="0.035866" asserts="0">
                <properties>
                  <property name="retryIteration" value="0" />
                  <property name="repeatIteration" value="0" />
                </properties>
                <output><![CDATA[<b><color=#2EA3FF>MCP-FOR-UNITY</color></b>: [TestRunnerNoThrottle] Restored Interaction Mode after test run.
Saving results to: C:/Users/fujunye/AppData/LocalLow/DefaultCompany/SRP-Weather-Visual\TestResults.xml
]]></output>
              </test-case>
            </test-suite>
          </test-suite>
        </test-suite>
      </test-suite>
    </test-suite>
  </test-suite>
</test-run>