<?xml version="1.0" encoding="utf-8"?>
<test-run id="2" testcasecount="3" result="Passed" total="3" passed="3" failed="0" inconclusive="0" skipped="0" asserts="0" engine-version="3.5.0.0" clr-version="4.0.30319.42000" start-time="2026-09-06 17:47:57Z" end-time="2026-09-06 17:47:57Z" duration="0.0466397">
  <test-suite type="TestSuite" id="1018" name="SRP-Weather-Visual" fullname="SRP-Weather-Visual" runstate="Runnable" testcasecount="4" result="Passed" start-time="2026-09-06 17:47:57Z" end-time="2026-09-06 17:47:57Z" duration="0.046640" total="3" passed="3" failed="0" inconclusive="0" skipped="0" asserts="0">
    <properties>
      <property name="platform" value="PlayMode" />
    </properties>
    <test-suite type="Assembly" id="1011" name="SRP.U01.PlayModeTests.dll" fullname="D:/Agent/03-SRP/02-技术研发/04-Unity视觉/SRP-Weather-Visual/Library/ScriptAssemblies/SRP.U01.PlayModeTests.dll" runstate="Runnable" testcasecount="3" result="Passed" start-time="2026-09-06 17:47:57Z" end-time="2026-09-06 17:47:57Z" duration="0.042367" total="3" passed="3" failed="0" inconclusive="0" skipped="0" asserts="0">
      <properties>
        <property name="_PID" value="53368" />
        <property name="_APPDOMAIN" value="Unity Child Domain" />
        <property name="platform" value="PlayMode" />
        <property name="EditorOnly" value="False" />
      </properties>
      <test-suite type="TestSuite" id="1012" name="SRP" fullname="SRP" runstate="Runnable" testcasecount="3" result="Passed" start-time="2026-09-06 17:47:57Z" end-time="2026-09-06 17:47:57Z" duration="0.042043" total="3" passed="3" failed="0" inconclusive="0" skipped="0" asserts="0">
        <properties />
        <test-suite type="TestSuite" id="1013" name="U01" fullname="SRP.U01" runstate="Runnable" testcasecount="3" result="Passed" start-time="2026-09-06 17:47:57Z" end-time="2026-09-06 17:47:57Z" duration="0.041835" total="3" passed="3" failed="0" inconclusive="0" skipped="0" asserts="0">
          <properties />
          <test-suite type="TestSuite" id="1014" name="Tests" fullname="SRP.U01.Tests" runstate="Runnable" testcasecount="3" result="Passed" start-time="2026-09-06 17:47:57Z" end-time="2026-09-06 17:47:57Z" duration="0.041627" total="3" passed="3" failed="0" inconclusive="0" skipped="0" asserts="0">
            <properties />
            <test-suite type="TestFixture" id="1007" name="U01PlayModeTests" fullname="SRP.U01.Tests.U01PlayModeTests" classname="SRP.U01.Tests.U01PlayModeTests" runstate="Runnable" testcasecount="3" result="Passed" start-time="2026-09-06 17:47:57Z" end-time="2026-09-06 17:47:57Z" duration="0.040934" total="3" passed="3" failed="0" inconclusive="0" skipped="0" asserts="0">
              <properties />
              <test-case id="1010" name="DisableAndEnablePreservesTheActiveMirror" fullname="SRP.U01.Tests.U01PlayModeTests.DisableAndEnablePreservesTheActiveMirror" methodname="DisableAndEnablePreservesTheActiveMirror" classname="SRP.U01.Tests.U01PlayModeTests" runstate="Runnable" seed="1617183879" result="Passed" start-time="2026-09-06 17:47:57Z" end-time="2026-09-06 17:47:57Z" duration="0.028023" asserts="0">
                <properties>
                  <property name="_JOINTYPE" value="UnityCombinatorial" />
                  <property name="retryIteration" value="0" />
                  <property name="repeatIteration" value="0" />
                </properties>
              </test-case>
              <test-case id="1009" name="RenderReceiptRequiresAnExplicitFrameConfirmation" fullname="SRP.U01.Tests.U01PlayModeTests.RenderReceiptRequiresAnExplicitFrameConfirmation" methodname="RenderReceiptRequiresAnExplicitFrameConfirmation" classname="SRP.U01.Tests.U01PlayModeTests" runstate="Runnable" seed="1298032024" result="Passed" start-time="2026-09-06 17:47:57Z" end-time="2026-09-06 17:47:57Z" duration="0.004154" asserts="0">
                <properties>
                  <property name="_JOINTYPE" value="UnityCombinatorial" />
                  <property name="retryIteration" value="0" />
                  <property name="repeatIteration" value="0" />
                </properties>
              </test-case>
              <test-case id="1008" name="UnityFramesDoNotAdvanceTheSessionMirror" fullname="SRP.U01.Tests.U01PlayModeTests.UnityFramesDoNotAdvanceTheSessionMirror" methodname="UnityFramesDoNotAdvanceTheSessionMirror" classname="SRP.U01.Tests.U01PlayModeTests" runstate="Runnable" seed="1830086726" result="Passed" start-time="2026-09-06 17:47:57Z" end-time="2026-09-06 17:47:57Z" duration="0.001496" asserts="0">
                <properties>
                  <property name="_JOINTYPE" value="UnityCombinatorial" />
                  <property name="retryIteration" value="0" />
                  <property name="repeatIteration" value="0" />
                </properties>
                <output><![CDATA[<b><color=#2EA3FF>MCP-FOR-UNITY</color></b>: [TestRunnerNoThrottle] Restored Interaction Mode after test run.
Saving results to: C:/Users/fujunye/AppData/LocalLow/DefaultCompany/SRP-Weather-Visual\TestResults.xml
]]></output>
              </test-case>
            </test-suite>
          </test-suite>
        </test-suite>
      </test-suite>
    </test-suite>
  </test-suite>
</test-run>